<?xml version="1.0" encoding="UTF-8"?>
<!-- Generated by org.testng.reporters.JUnitReportReporter -->
<testsuite hostname="DESKTOP-IFQHEIO" failures="0" tests="1" name="_10._10Store.AppTest" time="0.173" errors="0" timestamp="2023-06-03T17:13:40 IST" skipped="0">
  <testcase classname="_10._10Store.AppTest" name="shouldAnswerWithTrue" time="0.173"/>
  <system-out/>
</testsuite> <!-- _10._10Store.AppTest -->
