<?xml version="1.0" encoding="UTF-8"?>
<!-- Generated by org.testng.reporters.JUnitReportReporter -->
<testsuite hostname="DESKTOP-IFQHEIO" failures="0" tests="2" name="_10Store.testComponents.EndRun" time="90.777" errors="0" timestamp="2023-06-13T13:02:14 IST" skipped="0">
  <testcase classname="_10Store.testComponents.EndRun" name="buyProduct" time="87.539"/>
  <system-out/>
  <testcase classname="_10Store.testComponents.EndRun" name="startTest" time="3.238"/>
  <system-out/>
</testsuite> <!-- _10Store.testComponents.EndRun -->
