<?xml version="1.0" encoding="UTF-8"?>
<!-- Generated by org.testng.reporters.JUnitReportReporter -->
<testsuite hostname="DESKTOP-IFQHEIO" failures="0" tests="1" name="_10Store.testComponents.VerifySetup" time="0.016" errors="0" timestamp="2023-06-05T10:37:38 IST" skipped="0">
  <testcase classname="_10Store.testComponents.VerifySetup" name="verifySetup" time="0.016"/>
  <system-out/>
</testsuite> <!-- _10Store.testComponents.VerifySetup -->
