<?xml version="1.0" encoding="UTF-8"?>
<!-- Generated by org.testng.reporters.JUnitReportReporter -->
<testsuite hostname="DESKTOP-IFQHEIO" failures="0" tests="1" name="_10Store.testComponents.VerifySetup" time="17.561" errors="0" timestamp="2023-06-11T21:49:28 IST" skipped="0">
  <testcase classname="_10Store.testComponents.VerifySetup" name="startTest" time="17.561"/>
  <system-out/>
</testsuite> <!-- _10Store.testComponents.VerifySetup -->
