<?xml version="1.0" encoding="UTF-8"?>
<!-- Generated by org.testng.reporters.JUnitReportReporter -->
<testsuite hostname="DESKTOP-IFQHEIO" failures="0" tests="1" name="_10Store.testComponents.exceldata" time="0.011" errors="0" timestamp="2023-06-14T12:42:04 IST" skipped="0">
  <testcase classname="_10Store.testComponents.exceldata" name="f" time="0.011"/>
  <system-out/>
</testsuite> <!-- _10Store.testComponents.exceldata -->
