<?xml version="1.0" encoding="UTF-8"?>
<!-- Generated by org.testng.reporters.JUnitReportReporter -->
<testsuite hostname="DESKTOP-IFQHEIO" failures="0" tests="2" name="_10Store.testComponents.VerifySetup" time="36.372" errors="0" timestamp="2023-06-12T15:03:50 IST" skipped="0">
  <testcase classname="_10Store.testComponents.VerifySetup" name="startTest" time="2.842"/>
  <system-out/>
  <testcase classname="_10Store.testComponents.VerifySetup" name="buyProduct" time="33.530"/>
  <system-out/>
</testsuite> <!-- _10Store.testComponents.VerifySetup -->
