<?xml version="1.0" encoding="UTF-8"?>
<!-- Generated by org.testng.reporters.JUnitReportReporter -->
<testsuite hostname="DESKTOP-IFQHEIO" failures="0" tests="1" name="_10Store.testComponents.ValidatingErrors" time="51.268" errors="0" timestamp="2023-06-13T13:02:14 IST" skipped="0">
  <testcase classname="_10Store.testComponents.ValidatingErrors" name="login" time="51.268"/>
  <system-out/>
</testsuite> <!-- _10Store.testComponents.ValidatingErrors -->
