<?xml version="1.0" encoding="UTF-8"?>
<!-- Generated by org.testng.reporters.JUnitReportReporter -->
<testsuite hostname="DESKTOP-IFQHEIO" failures="0" tests="3" name="_10Store.testComponents.EndRun" time="46.569" errors="0" timestamp="2023-06-14T13:28:13 IST" skipped="0">
  <testcase classname="_10Store.testComponents.EndRun" name="buyProduct" time="28.958"/>
  <system-out/>
  <testcase classname="_10Store.testComponents.EndRun" name="startTest" time="5.903"/>
  <system-out/>
  <testcase classname="_10Store.testComponents.EndRun" name="userDetails" time="11.708"/>
  <system-out/>
</testsuite> <!-- _10Store.testComponents.EndRun -->
