<?xml version="1.0" encoding="UTF-8"?>
<!-- Generated by org.testng.reporters.JUnitReportReporter -->
<testsuite hostname="DESKTOP-IFQHEIO" failures="0" tests="1" name="_10Store.testComponents.ValidatingErrors" time="27.259" errors="0" timestamp="2023-06-14T13:28:13 IST" skipped="0">
  <testcase classname="_10Store.testComponents.ValidatingErrors" name="login" time="27.259"/>
  <system-out/>
</testsuite> <!-- _10Store.testComponents.ValidatingErrors -->
